0 info it worked if it ends with ok
1 verbose cli [ 'node', '/usr/local/bin/npm', 'uninstall', '-g', 'grunt' ]
2 info using npm@1.2.25
3 info using node@v0.10.10
4 info /usr/local/lib/node_modules/grunt unbuild
5 verbose read json /usr/local/lib/node_modules/grunt/package.json
6 info preuninstall grunt@0.4.1
7 info uninstall grunt@0.4.1
8 verbose true,/usr/local/lib/node_modules,/usr/local/lib/node_modules unbuild grunt@0.4.1
9 info postuninstall grunt@0.4.1
10 error Error: EACCES, unlink '/usr/local/lib/node_modules/grunt'
10 error  { [Error: EACCES, unlink '/usr/local/lib/node_modules/grunt']
10 error   errno: 3,
10 error   code: 'EACCES',
10 error   path: '/usr/local/lib/node_modules/grunt' }
11 error Please try running this command again as root/Administrator.
12 error System Darwin 11.4.2
13 error command "node" "/usr/local/bin/npm" "uninstall" "-g" "grunt"
14 error cwd /Users/philco/rails_apps/versionone
15 error node -v v0.10.10
16 error npm -v 1.2.25
17 error path /usr/local/lib/node_modules/grunt
18 error code EACCES
19 error errno 3
20 error stack Error: EACCES, unlink '/usr/local/lib/node_modules/grunt'
21 verbose exit [ 3, true ]
